<?xml version="1.0" encoding="UTF-8"?>
<!-- Generated by org.testng.reporters.JUnitXMLReporter -->
<testsuite ignored="0" hostname="DESKTOP-EELC4JL" failures="1" tests="3" name="Test" time="46.697" errors="0" timestamp="2024-04-12T17:21:08 IST">
  <testcase classname="com.parentcomn.TestCases.BotLogin" name="loginTest" time="32.109"/>
  <testcase classname="com.parentcomn.TestCases.BotLogin" name="botSelection" time="10.679"/>
  <testcase classname="com.parentcomn.TestCases.WelcomeScreen" name="click_On_Got_It_Button" time="0.006">
    <failure type="java.lang.NullPointerException" message="Cannot invoke &amp;quot;org.openqa.selenium.SearchContext.findElement(org.openqa.selenium.By)&amp;quot; because &amp;quot;this.searchContext&amp;quot; is null">
      <![CDATA[java.lang.NullPointerException: Cannot invoke "org.openqa.selenium.SearchContext.findElement(org.openqa.selenium.By)" because "this.searchContext" is null
at org.openqa.selenium.support.pagefactory.DefaultElementLocator.findElement(DefaultElementLocator.java:68)
at org.openqa.selenium.support.pagefactory.internal.LocatingElementHandler.invoke(LocatingElementHandler.java:38)
at jdk.proxy2/jdk.proxy2.$Proxy10.click(Unknown Source)
at com.parentcomn.PageObjects.WelcomePage.selectGotIt(WelcomePage.java:21)
at com.parentcomn.TestCases.WelcomeScreen.click_On_Got_It_Button(WelcomeScreen.java:14)
at java.base/java.util.ArrayList.forEach(ArrayList.java:1596)
... Removed 25 stack frames]]>
    </failure>
  </testcase> <!-- click_On_Got_It_Button -->
</testsuite> <!-- Test -->
